2025-01-05 14:44:11,241 - INFO - Fetching data for 台北市 - 儲備幹部
2025-01-05 14:44:11,241 - INFO - Fetching page 1 for job_code 2001001002 (儲備幹部) in city_code 6001001000...
2025-01-05 14:44:11,510 - ERROR - 404 Not Found for URL: https://www.104.com.tw/job/ajax/content/13125548. Skipping this job.
2025-01-05 14:44:11,510 - WARNING - Failed to fetch job details for code: 13125548
2025-01-05 14:44:14,713 - ERROR - 404 Not Found for URL: https://www.104.com.tw/job/ajax/content/13193495. Skipping this job.
2025-01-05 14:44:14,714 - WARNING - Failed to fetch job details for code: 13193495
2025-01-05 14:44:22,023 - ERROR - 404 Not Found for URL: https://www.104.com.tw/job/ajax/content/11532062. Skipping this job.
2025-01-05 14:44:22,024 - WARNING - Failed to fetch job details for code: 11532062
2025-01-05 14:44:25,236 - ERROR - 404 Not Found for URL: https://www.104.com.tw/job/ajax/content/6492434. Skipping this job.
2025-01-05 14:44:25,237 - WARNING - Failed to fetch job details for code: 6492434
2025-01-05 14:44:26,393 - ERROR - 404 Not Found for URL: https://www.104.com.tw/job/ajax/content/8556378. Skipping this job.
2025-01-05 14:44:26,393 - WARNING - Failed to fetch job details for code: 8556378
2025-01-05 14:44:29,735 - ERROR - 404 Not Found for URL: https://www.104.com.tw/job/ajax/content/13915332. Skipping this job.
2025-01-05 14:44:29,735 - WARNING - Failed to fetch job details for code: 13915332
2025-01-05 14:44:32,945 - ERROR - 404 Not Found for URL: https://www.104.com.tw/job/ajax/content/10080889. Skipping this job.
2025-01-05 14:44:32,946 - WARNING - Failed to fetch job details for code: 10080889
2025-01-05 14:44:32,979 - ERROR - 404 Not Found for URL: https://www.104.com.tw/job/ajax/content/12053783. Skipping this job.
2025-01-05 14:44:32,979 - WARNING - Failed to fetch job details for code: 12053783
2025-01-05 14:44:40,445 - ERROR - 404 Not Found for URL: https://www.104.com.tw/job/ajax/content/12656312. Skipping this job.
2025-01-05 14:44:40,446 - WARNING - Failed to fetch job details for code: 12656312
2025-01-05 14:44:43,652 - ERROR - 404 Not Found for URL: https://www.104.com.tw/job/ajax/content/10872712. Skipping this job.
2025-01-05 14:44:43,653 - WARNING - Failed to fetch job details for code: 10872712
2025-01-05 14:44:43,688 - ERROR - 404 Not Found for URL: https://www.104.com.tw/job/ajax/content/12947824. Skipping this job.
2025-01-05 14:44:43,689 - WARNING - Failed to fetch job details for code: 12947824
2025-01-05 14:44:51,170 - ERROR - 404 Not Found for URL: https://www.104.com.tw/job/ajax/content/14409397. Skipping this job.
2025-01-05 14:44:51,171 - WARNING - Failed to fetch job details for code: 14409397
2025-01-05 14:44:58,508 - ERROR - 404 Not Found for URL: https://www.104.com.tw/job/ajax/content/14407116. Skipping this job.
2025-01-05 14:44:58,509 - WARNING - Failed to fetch job details for code: 14407116
2025-01-05 14:45:01,727 - ERROR - 404 Not Found for URL: https://www.104.com.tw/job/ajax/content/13309240. Skipping this job.
2025-01-05 14:45:01,727 - WARNING - Failed to fetch job details for code: 13309240
2025-01-05 14:45:01,823 - ERROR - 404 Not Found for URL: https://www.104.com.tw/job/ajax/content/14323853. Skipping this job.
2025-01-05 14:45:01,824 - WARNING - Failed to fetch job details for code: 14323853
2025-01-05 14:45:09,103 - ERROR - 404 Not Found for URL: https://www.104.com.tw/job/ajax/content/13096176. Skipping this job.
2025-01-05 14:45:09,104 - WARNING - Failed to fetch job details for code: 13096176
2025-01-05 14:45:12,346 - ERROR - 404 Not Found for URL: https://www.104.com.tw/job/ajax/content/14364198. Skipping this job.
2025-01-05 14:45:12,347 - WARNING - Failed to fetch job details for code: 14364198
2025-01-05 14:45:13,492 - ERROR - 404 Not Found for URL: https://www.104.com.tw/job/ajax/content/14040235. Skipping this job.
2025-01-05 14:45:13,492 - WARNING - Failed to fetch job details for code: 14040235
2025-01-05 14:45:14,647 - ERROR - 404 Not Found for URL: https://www.104.com.tw/job/ajax/content/13807469. Skipping this job.
2025-01-05 14:45:14,647 - WARNING - Failed to fetch job details for code: 13807469
2025-01-05 14:45:17,978 - ERROR - 404 Not Found for URL: https://www.104.com.tw/job/ajax/content/13723787. Skipping this job.
2025-01-05 14:45:17,979 - WARNING - Failed to fetch job details for code: 13723787
2025-01-05 14:45:19,144 - ERROR - 404 Not Found for URL: https://www.104.com.tw/job/ajax/content/12162952. Skipping this job.
2025-01-05 14:45:19,144 - WARNING - Failed to fetch job details for code: 12162952
2025-01-05 14:45:20,282 - ERROR - 404 Not Found for URL: https://www.104.com.tw/job/ajax/content/14391343. Skipping this job.
2025-01-05 14:45:20,283 - WARNING - Failed to fetch job details for code: 14391343
2025-01-05 14:45:23,559 - ERROR - 404 Not Found for URL: https://www.104.com.tw/job/ajax/content/14423994. Skipping this job.
2025-01-05 14:45:23,560 - WARNING - Failed to fetch job details for code: 14423994
2025-01-05 14:45:31,016 - ERROR - 404 Not Found for URL: https://www.104.com.tw/job/ajax/content/13528180. Skipping this job.
2025-01-05 14:45:31,018 - WARNING - Failed to fetch job details for code: 13528180
2025-01-05 14:45:31,055 - ERROR - 404 Not Found for URL: https://www.104.com.tw/job/ajax/content/10623421. Skipping this job.
2025-01-05 14:45:31,055 - WARNING - Failed to fetch job details for code: 10623421
2025-01-05 14:45:31,087 - ERROR - 404 Not Found for URL: https://www.104.com.tw/job/ajax/content/12599808. Skipping this job.
2025-01-05 14:45:31,088 - WARNING - Failed to fetch job details for code: 12599808
2025-01-05 14:45:34,301 - ERROR - 404 Not Found for URL: https://www.104.com.tw/job/ajax/content/14356007. Skipping this job.
2025-01-05 14:45:34,301 - WARNING - Failed to fetch job details for code: 14356007
2025-01-05 14:45:35,442 - ERROR - 404 Not Found for URL: https://www.104.com.tw/job/ajax/content/10855478. Skipping this job.
2025-01-05 14:45:35,443 - WARNING - Failed to fetch job details for code: 10855478
2025-01-05 14:45:36,611 - ERROR - 404 Not Found for URL: https://www.104.com.tw/job/ajax/content/14333959. Skipping this job.
2025-01-05 14:45:36,612 - WARNING - Failed to fetch job details for code: 14333959
2025-01-05 14:45:39,986 - ERROR - 404 Not Found for URL: https://www.104.com.tw/job/ajax/content/13772344. Skipping this job.
2025-01-05 14:45:39,986 - WARNING - Failed to fetch job details for code: 13772344
2025-01-05 14:45:40,017 - ERROR - 404 Not Found for URL: https://www.104.com.tw/job/ajax/content/11338346. Skipping this job.
2025-01-05 14:45:40,017 - WARNING - Failed to fetch job details for code: 11338346
2025-01-05 14:45:43,217 - ERROR - 404 Not Found for URL: https://www.104.com.tw/job/ajax/content/14423706. Skipping this job.
2025-01-05 14:45:43,218 - WARNING - Failed to fetch job details for code: 14423706
2025-01-05 14:45:44,350 - ERROR - 404 Not Found for URL: https://www.104.com.tw/job/ajax/content/13524202. Skipping this job.
2025-01-05 14:45:44,350 - WARNING - Failed to fetch job details for code: 13524202
2025-01-05 14:45:45,491 - ERROR - 404 Not Found for URL: https://www.104.com.tw/job/ajax/content/13450283. Skipping this job.
2025-01-05 14:45:45,491 - WARNING - Failed to fetch job details for code: 13450283
2025-01-05 14:45:48,691 - ERROR - 404 Not Found for URL: https://www.104.com.tw/job/ajax/content/14256121. Skipping this job.
2025-01-05 14:45:48,691 - WARNING - Failed to fetch job details for code: 14256121
2025-01-05 14:45:49,938 - ERROR - 404 Not Found for URL: https://www.104.com.tw/job/ajax/content/14349062. Skipping this job.
2025-01-05 14:45:49,938 - WARNING - Failed to fetch job details for code: 14349062
2025-01-05 14:45:51,093 - ERROR - 404 Not Found for URL: https://www.104.com.tw/job/ajax/content/13902336. Skipping this job.
2025-01-05 14:45:51,093 - WARNING - Failed to fetch job details for code: 13902336
2025-01-05 14:45:54,297 - ERROR - 404 Not Found for URL: https://www.104.com.tw/job/ajax/content/13383394. Skipping this job.
2025-01-05 14:45:54,297 - WARNING - Failed to fetch job details for code: 13383394
2025-01-05 14:45:55,457 - ERROR - 404 Not Found for URL: https://www.104.com.tw/job/ajax/content/14282914. Skipping this job.
2025-01-05 14:45:55,458 - WARNING - Failed to fetch job details for code: 14282914
2025-01-05 14:45:56,599 - ERROR - 404 Not Found for URL: https://www.104.com.tw/job/ajax/content/13496029. Skipping this job.
2025-01-05 14:45:56,599 - WARNING - Failed to fetch job details for code: 13496029
2025-01-05 14:46:00,361 - INFO - Total jobs fetched for job_code 2001001002 (儲備幹部): 40
2025-01-05 14:46:26,173 - INFO - Fetching data for 台北市 - 經營管理主管
2025-01-05 14:46:26,175 - INFO - Fetching page 1 for job_code 2001001001 (經營管理主管) in city_code 6001001000...
2025-01-05 14:46:27,471 - ERROR - 404 Not Found for URL: https://www.104.com.tw/job/ajax/content/13188498. Skipping this job.
2025-01-05 14:46:27,471 - WARNING - Failed to fetch job details for code: 13188498
2025-01-05 14:46:30,865 - ERROR - 404 Not Found for URL: https://www.104.com.tw/job/ajax/content/13669532. Skipping this job.
2025-01-05 14:46:30,866 - WARNING - Failed to fetch job details for code: 13669532
2025-01-05 14:46:38,206 - ERROR - 404 Not Found for URL: https://www.104.com.tw/job/ajax/content/13854304. Skipping this job.
2025-01-05 14:46:38,208 - WARNING - Failed to fetch job details for code: 13854304
2025-01-05 14:46:45,525 - ERROR - 404 Not Found for URL: https://www.104.com.tw/job/ajax/content/14423994. Skipping this job.
2025-01-05 14:46:45,533 - WARNING - Failed to fetch job details for code: 14423994
2025-01-05 14:46:48,756 - ERROR - 404 Not Found for URL: https://www.104.com.tw/job/ajax/content/14356007. Skipping this job.
2025-01-05 14:46:48,756 - WARNING - Failed to fetch job details for code: 14356007
2025-01-05 14:46:49,907 - ERROR - 404 Not Found for URL: https://www.104.com.tw/job/ajax/content/14423706. Skipping this job.
2025-01-05 14:46:49,908 - WARNING - Failed to fetch job details for code: 14423706
2025-01-05 14:46:53,114 - ERROR - 404 Not Found for URL: https://www.104.com.tw/job/ajax/content/14253585. Skipping this job.
2025-01-05 14:46:53,114 - WARNING - Failed to fetch job details for code: 14253585
2025-01-05 14:46:56,324 - ERROR - 404 Not Found for URL: https://www.104.com.tw/job/ajax/content/13855081. Skipping this job.
2025-01-05 14:46:56,324 - WARNING - Failed to fetch job details for code: 13855081
2025-01-05 14:46:56,354 - ERROR - 404 Not Found for URL: https://www.104.com.tw/job/ajax/content/12127259. Skipping this job.
2025-01-05 14:46:56,354 - WARNING - Failed to fetch job details for code: 12127259
2025-01-05 14:47:11,933 - ERROR - 404 Not Found for URL: https://www.104.com.tw/job/ajax/content/13992864. Skipping this job.
2025-01-05 14:47:11,934 - WARNING - Failed to fetch job details for code: 13992864
2025-01-05 14:47:13,068 - ERROR - 404 Not Found for URL: https://www.104.com.tw/job/ajax/content/13515659. Skipping this job.
2025-01-05 14:47:13,069 - WARNING - Failed to fetch job details for code: 13515659
2025-01-05 14:47:16,267 - ERROR - 404 Not Found for URL: https://www.104.com.tw/job/ajax/content/13256253. Skipping this job.
2025-01-05 14:47:16,267 - WARNING - Failed to fetch job details for code: 13256253
2025-01-05 14:47:16,297 - ERROR - 404 Not Found for URL: https://www.104.com.tw/job/ajax/content/14282065. Skipping this job.
2025-01-05 14:47:16,297 - WARNING - Failed to fetch job details for code: 14282065
2025-01-05 14:47:19,601 - ERROR - 404 Not Found for URL: https://www.104.com.tw/job/ajax/content/13394118. Skipping this job.
2025-01-05 14:47:19,603 - WARNING - Failed to fetch job details for code: 13394118
2025-01-05 14:47:20,747 - ERROR - 404 Not Found for URL: https://www.104.com.tw/job/ajax/content/14334833. Skipping this job.
2025-01-05 14:47:20,748 - WARNING - Failed to fetch job details for code: 14334833
2025-01-05 14:47:21,893 - ERROR - 404 Not Found for URL: https://www.104.com.tw/job/ajax/content/12827836. Skipping this job.
2025-01-05 14:47:21,893 - WARNING - Failed to fetch job details for code: 12827836
2025-01-05 14:47:29,195 - ERROR - 404 Not Found for URL: https://www.104.com.tw/job/ajax/content/13908443. Skipping this job.
2025-01-05 14:47:29,196 - WARNING - Failed to fetch job details for code: 13908443
2025-01-05 14:47:32,398 - ERROR - 404 Not Found for URL: https://www.104.com.tw/job/ajax/content/14201117. Skipping this job.
2025-01-05 14:47:32,398 - WARNING - Failed to fetch job details for code: 14201117
2025-01-05 14:47:32,451 - ERROR - 404 Not Found for URL: https://www.104.com.tw/job/ajax/content/13255231. Skipping this job.
2025-01-05 14:47:32,451 - WARNING - Failed to fetch job details for code: 13255231
2025-01-05 14:47:39,708 - ERROR - 404 Not Found for URL: https://www.104.com.tw/job/ajax/content/14395281. Skipping this job.
2025-01-05 14:47:39,709 - WARNING - Failed to fetch job details for code: 14395281
2025-01-05 14:47:47,031 - ERROR - 404 Not Found for URL: https://www.104.com.tw/job/ajax/content/12488010. Skipping this job.
2025-01-05 14:47:47,032 - WARNING - Failed to fetch job details for code: 12488010
2025-01-05 14:47:50,239 - ERROR - 404 Not Found for URL: https://www.104.com.tw/job/ajax/content/13992153. Skipping this job.
2025-01-05 14:47:50,239 - WARNING - Failed to fetch job details for code: 13992153
2025-01-05 14:47:51,365 - ERROR - 404 Not Found for URL: https://www.104.com.tw/job/ajax/content/14418138. Skipping this job.
2025-01-05 14:47:51,365 - WARNING - Failed to fetch job details for code: 14418138
2025-01-05 14:47:54,735 - ERROR - 404 Not Found for URL: https://www.104.com.tw/job/ajax/content/13880790. Skipping this job.
2025-01-05 14:47:54,735 - WARNING - Failed to fetch job details for code: 13880790
2025-01-05 14:47:57,927 - ERROR - 404 Not Found for URL: https://www.104.com.tw/job/ajax/content/13737776. Skipping this job.
2025-01-05 14:47:57,927 - WARNING - Failed to fetch job details for code: 13737776
2025-01-05 14:47:57,961 - ERROR - 404 Not Found for URL: https://www.104.com.tw/job/ajax/content/14416563. Skipping this job.
2025-01-05 14:47:57,961 - WARNING - Failed to fetch job details for code: 14416563
2025-01-05 14:48:05,250 - ERROR - 404 Not Found for URL: https://www.104.com.tw/job/ajax/content/14421352. Skipping this job.
2025-01-05 14:48:05,251 - WARNING - Failed to fetch job details for code: 14421352
2025-01-05 14:48:09,900 - ERROR - 404 Not Found for URL: https://www.104.com.tw/job/ajax/content/13807823. Skipping this job.
2025-01-05 14:48:09,901 - WARNING - Failed to fetch job details for code: 13807823
2025-01-05 14:48:09,936 - ERROR - 404 Not Found for URL: https://www.104.com.tw/job/ajax/content/13716251. Skipping this job.
2025-01-05 14:48:09,936 - WARNING - Failed to fetch job details for code: 13716251
2025-01-05 14:48:13,168 - ERROR - 404 Not Found for URL: https://www.104.com.tw/job/ajax/content/13710333. Skipping this job.
2025-01-05 14:48:13,168 - WARNING - Failed to fetch job details for code: 13710333
2025-01-05 14:48:16,174 - INFO - Total jobs fetched for job_code 2001001001 (經營管理主管): 30
2025-01-05 14:48:36,496 - INFO - Successfully saved data to ./job_104_data_台北市_20250105_1448.csv
2025-01-05 14:48:36,529 - ERROR - Error saving to MySQL: 'Engine' object has no attribute 'cursor'
